
*** Running vivado
    with args -log system_wrapper.vdi -applog -m64 -product Vivado -messageDb vivado.pb -mode batch -source system_wrapper.tcl -notrace


****** Vivado v2016.4 (64-bit)
  **** SW Build 1756540 on Mon Jan 23 19:11:23 MST 2017
  **** IP Build 1755317 on Mon Jan 23 20:30:07 MST 2017
    ** Copyright 1986-2016 Xilinx, Inc. All Rights Reserved.

source system_wrapper.tcl -notrace
Design is defaulting to srcset: sources_1
Design is defaulting to constrset: constrs_1
INFO: [Project 1-454] Reading design checkpoint 'c:/Users/Beyazit/vivadoprojects/LAB_7INTERRUPT/LAB_6INTERRUPT.srcs/sources_1/bd/system/ip/system_axi_gpio_0_0/system_axi_gpio_0_0.dcp' for cell 'system_i/axi_gpio_0'
INFO: [Project 1-454] Reading design checkpoint 'c:/Users/Beyazit/vivadoprojects/LAB_7INTERRUPT/LAB_6INTERRUPT.srcs/sources_1/bd/system/ip/system_axi_gpio_1_0/system_axi_gpio_1_0.dcp' for cell 'system_i/axi_gpio_1'
INFO: [Project 1-454] Reading design checkpoint 'c:/Users/Beyazit/vivadoprojects/LAB_7INTERRUPT/LAB_6INTERRUPT.srcs/sources_1/bd/system/ip/system_axi_timer_0_0/system_axi_timer_0_0.dcp' for cell 'system_i/axi_timer_0'
INFO: [Project 1-454] Reading design checkpoint 'C:/Users/Beyazit/vivadoprojects/LAB_7INTERRUPT/LAB_6INTERRUPT.srcs/sources_1/bd/system/ip/system_processing_system7_0_0/system_processing_system7_0_0.dcp' for cell 'system_i/processing_system7_0'
INFO: [Project 1-454] Reading design checkpoint 'c:/Users/Beyazit/vivadoprojects/LAB_7INTERRUPT/LAB_6INTERRUPT.srcs/sources_1/bd/system/ip/system_rst_ps7_0_100M_0/system_rst_ps7_0_100M_0.dcp' for cell 'system_i/rst_ps7_0_100M'
INFO: [Project 1-454] Reading design checkpoint 'c:/Users/Beyazit/vivadoprojects/LAB_7INTERRUPT/LAB_6INTERRUPT.srcs/sources_1/bd/system/ip/system_xlconcat_0_0/system_xlconcat_0_0.dcp' for cell 'system_i/xlconcat_0'
INFO: [Project 1-454] Reading design checkpoint 'C:/Users/Beyazit/vivadoprojects/LAB_7INTERRUPT/LAB_6INTERRUPT.srcs/sources_1/bd/system/ip/system_xbar_0/system_xbar_0.dcp' for cell 'system_i/ps7_0_axi_periph/xbar'
INFO: [Project 1-454] Reading design checkpoint 'c:/Users/Beyazit/vivadoprojects/LAB_7INTERRUPT/LAB_6INTERRUPT.srcs/sources_1/bd/system/ip/system_auto_pc_0/system_auto_pc_0.dcp' for cell 'system_i/ps7_0_axi_periph/s00_couplers/auto_pc'
INFO: [Netlist 29-17] Analyzing 79 Unisim elements for replacement
INFO: [Netlist 29-28] Unisim Transformation completed in 0 CPU seconds
INFO: [Project 1-479] Netlist was created with Vivado 2016.4
INFO: [Device 21-403] Loading part xc7z020clg484-1
INFO: [Project 1-570] Preparing netlist for logic optimization
WARNING: [Constraints 18-550] Could not create 'IOSTANDARD' constraint because net 'system_i/axi_gpio_0/gpio2_io_i[0]' is not directly connected to top level port. 'IOSTANDARD' is ignored by Vivado but preserved for implementation tool. [C:/Users/Beyazit/vivadoprojects/LAB_7INTERRUPT/LAB_6INTERRUPT.runs/impl_1/.Xil/Vivado-24532-DESKTOP-1RRF1ME/dcp_3/system_axi_gpio_0_0.edf:6919]
WARNING: [Constraints 18-550] Could not create 'IOSTANDARD' constraint because net 'system_i/axi_gpio_0/gpio2_io_i[1]' is not directly connected to top level port. 'IOSTANDARD' is ignored by Vivado but preserved for implementation tool. [C:/Users/Beyazit/vivadoprojects/LAB_7INTERRUPT/LAB_6INTERRUPT.runs/impl_1/.Xil/Vivado-24532-DESKTOP-1RRF1ME/dcp_3/system_axi_gpio_0_0.edf:6926]
WARNING: [Constraints 18-550] Could not create 'IOSTANDARD' constraint because net 'system_i/axi_gpio_0/gpio2_io_i[2]' is not directly connected to top level port. 'IOSTANDARD' is ignored by Vivado but preserved for implementation tool. [C:/Users/Beyazit/vivadoprojects/LAB_7INTERRUPT/LAB_6INTERRUPT.runs/impl_1/.Xil/Vivado-24532-DESKTOP-1RRF1ME/dcp_3/system_axi_gpio_0_0.edf:6933]
WARNING: [Constraints 18-550] Could not create 'IOSTANDARD' constraint because net 'system_i/axi_gpio_0/gpio2_io_i[3]' is not directly connected to top level port. 'IOSTANDARD' is ignored by Vivado but preserved for implementation tool. [C:/Users/Beyazit/vivadoprojects/LAB_7INTERRUPT/LAB_6INTERRUPT.runs/impl_1/.Xil/Vivado-24532-DESKTOP-1RRF1ME/dcp_3/system_axi_gpio_0_0.edf:6940]
WARNING: [Constraints 18-550] Could not create 'IOSTANDARD' constraint because net 'system_i/axi_gpio_0/gpio2_io_i[4]' is not directly connected to top level port. 'IOSTANDARD' is ignored by Vivado but preserved for implementation tool. [C:/Users/Beyazit/vivadoprojects/LAB_7INTERRUPT/LAB_6INTERRUPT.runs/impl_1/.Xil/Vivado-24532-DESKTOP-1RRF1ME/dcp_3/system_axi_gpio_0_0.edf:6947]
WARNING: [Constraints 18-550] Could not create 'IOSTANDARD' constraint because net 'system_i/axi_gpio_0/gpio2_io_i[5]' is not directly connected to top level port. 'IOSTANDARD' is ignored by Vivado but preserved for implementation tool. [C:/Users/Beyazit/vivadoprojects/LAB_7INTERRUPT/LAB_6INTERRUPT.runs/impl_1/.Xil/Vivado-24532-DESKTOP-1RRF1ME/dcp_3/system_axi_gpio_0_0.edf:6954]
WARNING: [Constraints 18-550] Could not create 'IOSTANDARD' constraint because net 'system_i/axi_gpio_0/gpio2_io_i[6]' is not directly connected to top level port. 'IOSTANDARD' is ignored by Vivado but preserved for implementation tool. [C:/Users/Beyazit/vivadoprojects/LAB_7INTERRUPT/LAB_6INTERRUPT.runs/impl_1/.Xil/Vivado-24532-DESKTOP-1RRF1ME/dcp_3/system_axi_gpio_0_0.edf:6961]
WARNING: [Constraints 18-550] Could not create 'IOSTANDARD' constraint because net 'system_i/axi_gpio_0/gpio2_io_i[7]' is not directly connected to top level port. 'IOSTANDARD' is ignored by Vivado but preserved for implementation tool. [C:/Users/Beyazit/vivadoprojects/LAB_7INTERRUPT/LAB_6INTERRUPT.runs/impl_1/.Xil/Vivado-24532-DESKTOP-1RRF1ME/dcp_3/system_axi_gpio_0_0.edf:6968]
WARNING: [Constraints 18-550] Could not create 'IOSTANDARD' constraint because net 'system_i/axi_gpio_0/gpio_io_o[0]' is not directly connected to top level port. 'IOSTANDARD' is ignored by Vivado but preserved for implementation tool. [C:/Users/Beyazit/vivadoprojects/LAB_7INTERRUPT/LAB_6INTERRUPT.runs/impl_1/.Xil/Vivado-24532-DESKTOP-1RRF1ME/dcp_3/system_axi_gpio_0_0.edf:6976]
WARNING: [Constraints 18-550] Could not create 'IOSTANDARD' constraint because net 'system_i/axi_gpio_0/gpio_io_o[1]' is not directly connected to top level port. 'IOSTANDARD' is ignored by Vivado but preserved for implementation tool. [C:/Users/Beyazit/vivadoprojects/LAB_7INTERRUPT/LAB_6INTERRUPT.runs/impl_1/.Xil/Vivado-24532-DESKTOP-1RRF1ME/dcp_3/system_axi_gpio_0_0.edf:6983]
WARNING: [Constraints 18-550] Could not create 'IOSTANDARD' constraint because net 'system_i/axi_gpio_0/gpio_io_o[2]' is not directly connected to top level port. 'IOSTANDARD' is ignored by Vivado but preserved for implementation tool. [C:/Users/Beyazit/vivadoprojects/LAB_7INTERRUPT/LAB_6INTERRUPT.runs/impl_1/.Xil/Vivado-24532-DESKTOP-1RRF1ME/dcp_3/system_axi_gpio_0_0.edf:6990]
WARNING: [Constraints 18-550] Could not create 'IOSTANDARD' constraint because net 'system_i/axi_gpio_0/gpio_io_o[3]' is not directly connected to top level port. 'IOSTANDARD' is ignored by Vivado but preserved for implementation tool. [C:/Users/Beyazit/vivadoprojects/LAB_7INTERRUPT/LAB_6INTERRUPT.runs/impl_1/.Xil/Vivado-24532-DESKTOP-1RRF1ME/dcp_3/system_axi_gpio_0_0.edf:6997]
WARNING: [Constraints 18-550] Could not create 'IOSTANDARD' constraint because net 'system_i/axi_gpio_0/gpio_io_o[4]' is not directly connected to top level port. 'IOSTANDARD' is ignored by Vivado but preserved for implementation tool. [C:/Users/Beyazit/vivadoprojects/LAB_7INTERRUPT/LAB_6INTERRUPT.runs/impl_1/.Xil/Vivado-24532-DESKTOP-1RRF1ME/dcp_3/system_axi_gpio_0_0.edf:7004]
WARNING: [Constraints 18-550] Could not create 'IOSTANDARD' constraint because net 'system_i/axi_gpio_0/gpio_io_o[5]' is not directly connected to top level port. 'IOSTANDARD' is ignored by Vivado but preserved for implementation tool. [C:/Users/Beyazit/vivadoprojects/LAB_7INTERRUPT/LAB_6INTERRUPT.runs/impl_1/.Xil/Vivado-24532-DESKTOP-1RRF1ME/dcp_3/system_axi_gpio_0_0.edf:7011]
WARNING: [Constraints 18-550] Could not create 'IOSTANDARD' constraint because net 'system_i/axi_gpio_0/gpio_io_o[6]' is not directly connected to top level port. 'IOSTANDARD' is ignored by Vivado but preserved for implementation tool. [C:/Users/Beyazit/vivadoprojects/LAB_7INTERRUPT/LAB_6INTERRUPT.runs/impl_1/.Xil/Vivado-24532-DESKTOP-1RRF1ME/dcp_3/system_axi_gpio_0_0.edf:7018]
WARNING: [Constraints 18-550] Could not create 'IOSTANDARD' constraint because net 'system_i/axi_gpio_0/gpio_io_o[7]' is not directly connected to top level port. 'IOSTANDARD' is ignored by Vivado but preserved for implementation tool. [C:/Users/Beyazit/vivadoprojects/LAB_7INTERRUPT/LAB_6INTERRUPT.runs/impl_1/.Xil/Vivado-24532-DESKTOP-1RRF1ME/dcp_3/system_axi_gpio_0_0.edf:7025]
WARNING: [Constraints 18-550] Could not create 'IOSTANDARD' constraint because net 'system_i/axi_gpio_1/gpio_io_i[0]' is not directly connected to top level port. 'IOSTANDARD' is ignored by Vivado but preserved for implementation tool. [C:/Users/Beyazit/vivadoprojects/LAB_7INTERRUPT/LAB_6INTERRUPT.runs/impl_1/.Xil/Vivado-24532-DESKTOP-1RRF1ME/dcp_4/system_axi_gpio_1_0.edf:6204]
WARNING: [Constraints 18-550] Could not create 'IOSTANDARD' constraint because net 'system_i/axi_gpio_1/gpio_io_i[1]' is not directly connected to top level port. 'IOSTANDARD' is ignored by Vivado but preserved for implementation tool. [C:/Users/Beyazit/vivadoprojects/LAB_7INTERRUPT/LAB_6INTERRUPT.runs/impl_1/.Xil/Vivado-24532-DESKTOP-1RRF1ME/dcp_4/system_axi_gpio_1_0.edf:6211]
WARNING: [Constraints 18-550] Could not create 'IOSTANDARD' constraint because net 'system_i/axi_gpio_1/gpio_io_i[2]' is not directly connected to top level port. 'IOSTANDARD' is ignored by Vivado but preserved for implementation tool. [C:/Users/Beyazit/vivadoprojects/LAB_7INTERRUPT/LAB_6INTERRUPT.runs/impl_1/.Xil/Vivado-24532-DESKTOP-1RRF1ME/dcp_4/system_axi_gpio_1_0.edf:6218]
WARNING: [Constraints 18-550] Could not create 'IOSTANDARD' constraint because net 'system_i/axi_gpio_1/gpio_io_i[3]' is not directly connected to top level port. 'IOSTANDARD' is ignored by Vivado but preserved for implementation tool. [C:/Users/Beyazit/vivadoprojects/LAB_7INTERRUPT/LAB_6INTERRUPT.runs/impl_1/.Xil/Vivado-24532-DESKTOP-1RRF1ME/dcp_4/system_axi_gpio_1_0.edf:6225]
WARNING: [Constraints 18-550] Could not create 'IOSTANDARD' constraint because net 'system_i/axi_gpio_1/gpio_io_i[4]' is not directly connected to top level port. 'IOSTANDARD' is ignored by Vivado but preserved for implementation tool. [C:/Users/Beyazit/vivadoprojects/LAB_7INTERRUPT/LAB_6INTERRUPT.runs/impl_1/.Xil/Vivado-24532-DESKTOP-1RRF1ME/dcp_4/system_axi_gpio_1_0.edf:6232]
Parsing XDC File [c:/Users/Beyazit/vivadoprojects/LAB_7INTERRUPT/LAB_6INTERRUPT.srcs/sources_1/bd/system/ip/system_processing_system7_0_0/system_processing_system7_0_0.xdc] for cell 'system_i/processing_system7_0/inst'
Finished Parsing XDC File [c:/Users/Beyazit/vivadoprojects/LAB_7INTERRUPT/LAB_6INTERRUPT.srcs/sources_1/bd/system/ip/system_processing_system7_0_0/system_processing_system7_0_0.xdc] for cell 'system_i/processing_system7_0/inst'
Parsing XDC File [c:/Users/Beyazit/vivadoprojects/LAB_7INTERRUPT/LAB_6INTERRUPT.srcs/sources_1/bd/system/ip/system_axi_gpio_0_0/system_axi_gpio_0_0_board.xdc] for cell 'system_i/axi_gpio_0/U0'
Finished Parsing XDC File [c:/Users/Beyazit/vivadoprojects/LAB_7INTERRUPT/LAB_6INTERRUPT.srcs/sources_1/bd/system/ip/system_axi_gpio_0_0/system_axi_gpio_0_0_board.xdc] for cell 'system_i/axi_gpio_0/U0'
Parsing XDC File [c:/Users/Beyazit/vivadoprojects/LAB_7INTERRUPT/LAB_6INTERRUPT.srcs/sources_1/bd/system/ip/system_axi_gpio_0_0/system_axi_gpio_0_0.xdc] for cell 'system_i/axi_gpio_0/U0'
Finished Parsing XDC File [c:/Users/Beyazit/vivadoprojects/LAB_7INTERRUPT/LAB_6INTERRUPT.srcs/sources_1/bd/system/ip/system_axi_gpio_0_0/system_axi_gpio_0_0.xdc] for cell 'system_i/axi_gpio_0/U0'
Parsing XDC File [c:/Users/Beyazit/vivadoprojects/LAB_7INTERRUPT/LAB_6INTERRUPT.srcs/sources_1/bd/system/ip/system_axi_gpio_1_0/system_axi_gpio_1_0_board.xdc] for cell 'system_i/axi_gpio_1/U0'
Finished Parsing XDC File [c:/Users/Beyazit/vivadoprojects/LAB_7INTERRUPT/LAB_6INTERRUPT.srcs/sources_1/bd/system/ip/system_axi_gpio_1_0/system_axi_gpio_1_0_board.xdc] for cell 'system_i/axi_gpio_1/U0'
Parsing XDC File [c:/Users/Beyazit/vivadoprojects/LAB_7INTERRUPT/LAB_6INTERRUPT.srcs/sources_1/bd/system/ip/system_axi_gpio_1_0/system_axi_gpio_1_0.xdc] for cell 'system_i/axi_gpio_1/U0'
Finished Parsing XDC File [c:/Users/Beyazit/vivadoprojects/LAB_7INTERRUPT/LAB_6INTERRUPT.srcs/sources_1/bd/system/ip/system_axi_gpio_1_0/system_axi_gpio_1_0.xdc] for cell 'system_i/axi_gpio_1/U0'
Parsing XDC File [c:/Users/Beyazit/vivadoprojects/LAB_7INTERRUPT/LAB_6INTERRUPT.srcs/sources_1/bd/system/ip/system_rst_ps7_0_100M_0/system_rst_ps7_0_100M_0_board.xdc] for cell 'system_i/rst_ps7_0_100M/U0'
Finished Parsing XDC File [c:/Users/Beyazit/vivadoprojects/LAB_7INTERRUPT/LAB_6INTERRUPT.srcs/sources_1/bd/system/ip/system_rst_ps7_0_100M_0/system_rst_ps7_0_100M_0_board.xdc] for cell 'system_i/rst_ps7_0_100M/U0'
Parsing XDC File [c:/Users/Beyazit/vivadoprojects/LAB_7INTERRUPT/LAB_6INTERRUPT.srcs/sources_1/bd/system/ip/system_rst_ps7_0_100M_0/system_rst_ps7_0_100M_0.xdc] for cell 'system_i/rst_ps7_0_100M/U0'
Finished Parsing XDC File [c:/Users/Beyazit/vivadoprojects/LAB_7INTERRUPT/LAB_6INTERRUPT.srcs/sources_1/bd/system/ip/system_rst_ps7_0_100M_0/system_rst_ps7_0_100M_0.xdc] for cell 'system_i/rst_ps7_0_100M/U0'
Parsing XDC File [c:/Users/Beyazit/vivadoprojects/LAB_7INTERRUPT/LAB_6INTERRUPT.srcs/sources_1/bd/system/ip/system_axi_timer_0_0/system_axi_timer_0_0.xdc] for cell 'system_i/axi_timer_0/U0'
Finished Parsing XDC File [c:/Users/Beyazit/vivadoprojects/LAB_7INTERRUPT/LAB_6INTERRUPT.srcs/sources_1/bd/system/ip/system_axi_timer_0_0/system_axi_timer_0_0.xdc] for cell 'system_i/axi_timer_0/U0'
INFO: [Project 1-538] Using original IP XDC constraints instead of the XDC constraints in dcp 'C:/Users/Beyazit/vivadoprojects/LAB_7INTERRUPT/LAB_6INTERRUPT.srcs/sources_1/bd/system/ip/system_processing_system7_0_0/system_processing_system7_0_0.dcp'
INFO: [Project 1-538] Using original IP XDC constraints instead of the XDC constraints in dcp 'c:/Users/Beyazit/vivadoprojects/LAB_7INTERRUPT/LAB_6INTERRUPT.srcs/sources_1/bd/system/ip/system_axi_gpio_0_0/system_axi_gpio_0_0.dcp'
INFO: [Project 1-538] Using original IP XDC constraints instead of the XDC constraints in dcp 'c:/Users/Beyazit/vivadoprojects/LAB_7INTERRUPT/LAB_6INTERRUPT.srcs/sources_1/bd/system/ip/system_axi_gpio_1_0/system_axi_gpio_1_0.dcp'
INFO: [Project 1-538] Using original IP XDC constraints instead of the XDC constraints in dcp 'c:/Users/Beyazit/vivadoprojects/LAB_7INTERRUPT/LAB_6INTERRUPT.srcs/sources_1/bd/system/ip/system_rst_ps7_0_100M_0/system_rst_ps7_0_100M_0.dcp'
INFO: [Project 1-538] Using original IP XDC constraints instead of the XDC constraints in dcp 'C:/Users/Beyazit/vivadoprojects/LAB_7INTERRUPT/LAB_6INTERRUPT.srcs/sources_1/bd/system/ip/system_xbar_0/system_xbar_0.dcp'
INFO: [Project 1-538] Using original IP XDC constraints instead of the XDC constraints in dcp 'c:/Users/Beyazit/vivadoprojects/LAB_7INTERRUPT/LAB_6INTERRUPT.srcs/sources_1/bd/system/ip/system_axi_timer_0_0/system_axi_timer_0_0.dcp'
INFO: [Project 1-538] Using original IP XDC constraints instead of the XDC constraints in dcp 'c:/Users/Beyazit/vivadoprojects/LAB_7INTERRUPT/LAB_6INTERRUPT.srcs/sources_1/bd/system/ip/system_auto_pc_0/system_auto_pc_0.dcp'
INFO: [Opt 31-138] Pushed 0 inverter(s) to 0 load pin(s).
INFO: [Project 1-111] Unisim Transformation Summary:
No Unisim elements were transformed.

link_design: Time (s): cpu = 00:00:07 ; elapsed = 00:00:13 . Memory (MB): peak = 508.262 ; gain = 298.441
Command: opt_design
Attempting to get a license for feature 'Implementation' and/or device 'xc7z020'
INFO: [Common 17-349] Got license for feature 'Implementation' and/or device 'xc7z020'
Running DRC as a precondition to command opt_design

Starting DRC Task
INFO: [DRC 23-27] Running DRC with 2 threads
INFO: [Project 1-461] DRC finished with 0 Errors
INFO: [Project 1-462] Please refer to the DRC report (report_drc) for more information.

Time (s): cpu = 00:00:00 ; elapsed = 00:00:00.453 . Memory (MB): peak = 517.887 ; gain = 9.625
INFO: [Timing 38-35] Done setting XDC timing constraints.

Starting Logic Optimization Task
Implement Debug Cores | Checksum: 1a40303d2

Phase 1 Retarget
INFO: [Opt 31-138] Pushed 0 inverter(s) to 0 load pin(s).
INFO: [Opt 31-49] Retargeted 0 cell(s).
Phase 1 Retarget | Checksum: db57da30

Time (s): cpu = 00:00:00 ; elapsed = 00:00:00.217 . Memory (MB): peak = 1014.508 ; gain = 0.000

Phase 2 Constant propagation
INFO: [Opt 31-138] Pushed 0 inverter(s) to 0 load pin(s).
INFO: [Opt 31-10] Eliminated 126 cells.
Phase 2 Constant propagation | Checksum: 192c76fd4

Time (s): cpu = 00:00:00 ; elapsed = 00:00:00.566 . Memory (MB): peak = 1014.508 ; gain = 0.000

Phase 3 Sweep
INFO: [Opt 31-12] Eliminated 342 unconnected nets.
INFO: [Opt 31-11] Eliminated 237 unconnected cells.
Phase 3 Sweep | Checksum: 192520a70

Time (s): cpu = 00:00:01 ; elapsed = 00:00:01 . Memory (MB): peak = 1014.508 ; gain = 0.000

Phase 4 BUFG optimization
INFO: [Opt 31-12] Eliminated 0 unconnected nets.
INFO: [Opt 31-11] Eliminated 0 unconnected cells.
Phase 4 BUFG optimization | Checksum: 10b15035f

Time (s): cpu = 00:00:01 ; elapsed = 00:00:01 . Memory (MB): peak = 1014.508 ; gain = 0.000

Starting Connectivity Check Task

Time (s): cpu = 00:00:00 ; elapsed = 00:00:00.008 . Memory (MB): peak = 1014.508 ; gain = 0.000
Ending Logic Optimization Task | Checksum: 10b15035f

Time (s): cpu = 00:00:01 ; elapsed = 00:00:01 . Memory (MB): peak = 1014.508 ; gain = 0.000

Starting Power Optimization Task
INFO: [Pwropt 34-132] Skipping clock gating for clocks with a period < 2.00 ns.
Ending Power Optimization Task | Checksum: 10b15035f

Time (s): cpu = 00:00:00 ; elapsed = 00:00:00.014 . Memory (MB): peak = 1014.508 ; gain = 0.000
INFO: [Common 17-83] Releasing license: Implementation
37 Infos, 21 Warnings, 0 Critical Warnings and 0 Errors encountered.
opt_design completed successfully
opt_design: Time (s): cpu = 00:00:11 ; elapsed = 00:00:12 . Memory (MB): peak = 1014.508 ; gain = 506.246
Writing placer database...
Writing XDEF routing.
Writing XDEF routing logical nets.
Writing XDEF routing special nets.
Write XDEF Complete: Time (s): cpu = 00:00:00 ; elapsed = 00:00:00.084 . Memory (MB): peak = 1014.508 ; gain = 0.000
INFO: [Common 17-1381] The checkpoint 'C:/Users/Beyazit/vivadoprojects/LAB_7INTERRUPT/LAB_6INTERRUPT.runs/impl_1/system_wrapper_opt.dcp' has been generated.
INFO: [DRC 23-27] Running DRC with 2 threads
INFO: [Coretcl 2-168] The results of DRC are in file C:/Users/Beyazit/vivadoprojects/LAB_7INTERRUPT/LAB_6INTERRUPT.runs/impl_1/system_wrapper_drc_opted.rpt.
INFO: [Chipscope 16-241] No debug cores found in the current design.
Before running the implement_debug_core command, either use the Set Up Debug wizard (GUI mode)
or use the create_debug_core and connect_debug_core Tcl commands to insert debug cores into the design.
Command: place_design
Attempting to get a license for feature 'Implementation' and/or device 'xc7z020'
INFO: [Common 17-349] Got license for feature 'Implementation' and/or device 'xc7z020'
INFO: [DRC 23-27] Running DRC with 2 threads
INFO: [Vivado_Tcl 4-198] DRC finished with 0 Errors
INFO: [Vivado_Tcl 4-199] Please refer to the DRC report (report_drc) for more information.
Running DRC as a precondition to command place_design
INFO: [DRC 23-27] Running DRC with 2 threads
INFO: [Vivado_Tcl 4-198] DRC finished with 0 Errors
INFO: [Vivado_Tcl 4-199] Please refer to the DRC report (report_drc) for more information.

Starting Placer Task
INFO: [Place 30-611] Multithreading enabled for place_design using a maximum of 2 CPUs

Phase 1 Placer Initialization
Netlist sorting complete. Time (s): cpu = 00:00:00 ; elapsed = 00:00:00.006 . Memory (MB): peak = 1014.508 ; gain = 0.000
Netlist sorting complete. Time (s): cpu = 00:00:00 ; elapsed = 00:00:00.009 . Memory (MB): peak = 1014.508 ; gain = 0.000

Phase 1.1 IO Placement/ Clock Placement/ Build Placer Device
INFO: [Timing 38-35] Done setting XDC timing constraints.
Phase 1.1 IO Placement/ Clock Placement/ Build Placer Device | Checksum: 16dc82a10

Time (s): cpu = 00:00:03 ; elapsed = 00:00:03 . Memory (MB): peak = 1041.594 ; gain = 27.086

Phase 1.2 Build Placer Netlist Model
Phase 1.2 Build Placer Netlist Model | Checksum: 178e91d14

Time (s): cpu = 00:00:03 ; elapsed = 00:00:03 . Memory (MB): peak = 1041.594 ; gain = 27.086

Phase 1.3 Constrain Clocks/Macros
Phase 1.3 Constrain Clocks/Macros | Checksum: 178e91d14

Time (s): cpu = 00:00:03 ; elapsed = 00:00:03 . Memory (MB): peak = 1041.594 ; gain = 27.086
Phase 1 Placer Initialization | Checksum: 178e91d14

Time (s): cpu = 00:00:04 ; elapsed = 00:00:03 . Memory (MB): peak = 1041.594 ; gain = 27.086

Phase 2 Global Placement
Phase 2 Global Placement | Checksum: 1d951631c

Time (s): cpu = 00:00:07 ; elapsed = 00:00:05 . Memory (MB): peak = 1041.594 ; gain = 27.086

Phase 3 Detail Placement

Phase 3.1 Commit Multi Column Macros
Phase 3.1 Commit Multi Column Macros | Checksum: 1d951631c

Time (s): cpu = 00:00:07 ; elapsed = 00:00:05 . Memory (MB): peak = 1041.594 ; gain = 27.086

Phase 3.2 Commit Most Macros & LUTRAMs
Phase 3.2 Commit Most Macros & LUTRAMs | Checksum: 135fa6610

Time (s): cpu = 00:00:07 ; elapsed = 00:00:06 . Memory (MB): peak = 1041.594 ; gain = 27.086

Phase 3.3 Area Swap Optimization
Phase 3.3 Area Swap Optimization | Checksum: 134d63839

Time (s): cpu = 00:00:07 ; elapsed = 00:00:06 . Memory (MB): peak = 1041.594 ; gain = 27.086

Phase 3.4 Pipeline Register Optimization
Phase 3.4 Pipeline Register Optimization | Checksum: 134d63839

Time (s): cpu = 00:00:07 ; elapsed = 00:00:06 . Memory (MB): peak = 1041.594 ; gain = 27.086

Phase 3.5 Timing Path Optimizer
Phase 3.5 Timing Path Optimizer | Checksum: 1119e472f

Time (s): cpu = 00:00:07 ; elapsed = 00:00:06 . Memory (MB): peak = 1041.594 ; gain = 27.086

Phase 3.6 Small Shape Detail Placement
Phase 3.6 Small Shape Detail Placement | Checksum: 1226af12f

Time (s): cpu = 00:00:08 ; elapsed = 00:00:07 . Memory (MB): peak = 1041.594 ; gain = 27.086

Phase 3.7 Re-assign LUT pins
Phase 3.7 Re-assign LUT pins | Checksum: 1ac15c79d

Time (s): cpu = 00:00:08 ; elapsed = 00:00:07 . Memory (MB): peak = 1041.594 ; gain = 27.086

Phase 3.8 Pipeline Register Optimization
Phase 3.8 Pipeline Register Optimization | Checksum: 1ac15c79d

Time (s): cpu = 00:00:08 ; elapsed = 00:00:07 . Memory (MB): peak = 1041.594 ; gain = 27.086
Phase 3 Detail Placement | Checksum: 1ac15c79d

Time (s): cpu = 00:00:08 ; elapsed = 00:00:07 . Memory (MB): peak = 1041.594 ; gain = 27.086

Phase 4 Post Placement Optimization and Clean-Up

Phase 4.1 Post Commit Optimization
INFO: [Timing 38-35] Done setting XDC timing constraints.

Phase 4.1.1 Post Placement Optimization
INFO: [Place 30-746] Post Placement Timing Summary WNS=3.632. For the most accurate timing information please run report_timing.
Phase 4.1.1 Post Placement Optimization | Checksum: 1f5075a05

Time (s): cpu = 00:00:09 ; elapsed = 00:00:07 . Memory (MB): peak = 1041.594 ; gain = 27.086
Phase 4.1 Post Commit Optimization | Checksum: 1f5075a05

Time (s): cpu = 00:00:09 ; elapsed = 00:00:07 . Memory (MB): peak = 1041.594 ; gain = 27.086

Phase 4.2 Post Placement Cleanup
Phase 4.2 Post Placement Cleanup | Checksum: 1f5075a05

Time (s): cpu = 00:00:09 ; elapsed = 00:00:07 . Memory (MB): peak = 1041.594 ; gain = 27.086

Phase 4.3 Placer Reporting
Phase 4.3 Placer Reporting | Checksum: 1f5075a05

Time (s): cpu = 00:00:09 ; elapsed = 00:00:07 . Memory (MB): peak = 1041.594 ; gain = 27.086

Phase 4.4 Final Placement Cleanup
Phase 4.4 Final Placement Cleanup | Checksum: 1c4f2ca50

Time (s): cpu = 00:00:09 ; elapsed = 00:00:07 . Memory (MB): peak = 1041.594 ; gain = 27.086
Phase 4 Post Placement Optimization and Clean-Up | Checksum: 1c4f2ca50

Time (s): cpu = 00:00:09 ; elapsed = 00:00:07 . Memory (MB): peak = 1041.594 ; gain = 27.086
Ending Placer Task | Checksum: 16994552e

Time (s): cpu = 00:00:09 ; elapsed = 00:00:07 . Memory (MB): peak = 1041.594 ; gain = 27.086
INFO: [Common 17-83] Releasing license: Implementation
53 Infos, 21 Warnings, 0 Critical Warnings and 0 Errors encountered.
place_design completed successfully
place_design: Time (s): cpu = 00:00:11 ; elapsed = 00:00:10 . Memory (MB): peak = 1041.594 ; gain = 27.086
Writing placer database...
Writing XDEF routing.
Writing XDEF routing logical nets.
Writing XDEF routing special nets.
Write XDEF Complete: Time (s): cpu = 00:00:01 ; elapsed = 00:00:00.290 . Memory (MB): peak = 1041.594 ; gain = 0.000
INFO: [Common 17-1381] The checkpoint 'C:/Users/Beyazit/vivadoprojects/LAB_7INTERRUPT/LAB_6INTERRUPT.runs/impl_1/system_wrapper_placed.dcp' has been generated.
report_io: Time (s): cpu = 00:00:00 ; elapsed = 00:00:00.079 . Memory (MB): peak = 1041.594 ; gain = 0.000
report_utilization: Time (s): cpu = 00:00:00 ; elapsed = 00:00:00.038 . Memory (MB): peak = 1041.594 ; gain = 0.000
report_control_sets: Time (s): cpu = 00:00:00 ; elapsed = 00:00:00.012 . Memory (MB): peak = 1041.594 ; gain = 0.000
Command: route_design
Attempting to get a license for feature 'Implementation' and/or device 'xc7z020'
INFO: [Common 17-349] Got license for feature 'Implementation' and/or device 'xc7z020'
Running DRC as a precondition to command route_design
INFO: [DRC 23-27] Running DRC with 2 threads
INFO: [Vivado_Tcl 4-198] DRC finished with 0 Errors
INFO: [Vivado_Tcl 4-199] Please refer to the DRC report (report_drc) for more information.


Starting Routing Task
INFO: [Route 35-254] Multithreading enabled for route_design using a maximum of 2 CPUs
Checksum: PlaceDB: ea2f586b ConstDB: 0 ShapeSum: 7f64fcc3 RouteDB: 0

Phase 1 Build RT Design
Phase 1 Build RT Design | Checksum: f72b26b0

Time (s): cpu = 00:00:26 ; elapsed = 00:00:25 . Memory (MB): peak = 1171.844 ; gain = 130.250

Phase 2 Router Initialization

Phase 2.1 Create Timer
Phase 2.1 Create Timer | Checksum: f72b26b0

Time (s): cpu = 00:00:26 ; elapsed = 00:00:25 . Memory (MB): peak = 1171.844 ; gain = 130.250

Phase 2.2 Fix Topology Constraints
Phase 2.2 Fix Topology Constraints | Checksum: f72b26b0

Time (s): cpu = 00:00:26 ; elapsed = 00:00:25 . Memory (MB): peak = 1171.844 ; gain = 130.250

Phase 2.3 Pre Route Cleanup
Phase 2.3 Pre Route Cleanup | Checksum: f72b26b0

Time (s): cpu = 00:00:26 ; elapsed = 00:00:25 . Memory (MB): peak = 1171.844 ; gain = 130.250
 Number of Nodes with overlaps = 0

Phase 2.4 Update Timing
Phase 2.4 Update Timing | Checksum: 18608389e

Time (s): cpu = 00:00:27 ; elapsed = 00:00:25 . Memory (MB): peak = 1177.832 ; gain = 136.238
INFO: [Route 35-416] Intermediate Timing Summary | WNS=3.551  | TNS=0.000  | WHS=-0.188 | THS=-27.206|

Phase 2 Router Initialization | Checksum: 18284b519

Time (s): cpu = 00:00:27 ; elapsed = 00:00:26 . Memory (MB): peak = 1177.832 ; gain = 136.238

Phase 3 Initial Routing
Phase 3 Initial Routing | Checksum: 151320cb5

Time (s): cpu = 00:00:28 ; elapsed = 00:00:26 . Memory (MB): peak = 1177.832 ; gain = 136.238

Phase 4 Rip-up And Reroute

Phase 4.1 Global Iteration 0
 Number of Nodes with overlaps = 161
 Number of Nodes with overlaps = 1
 Number of Nodes with overlaps = 0

Phase 4.1.1 Update Timing
Phase 4.1.1 Update Timing | Checksum: 1ac0288fc

Time (s): cpu = 00:00:29 ; elapsed = 00:00:26 . Memory (MB): peak = 1177.832 ; gain = 136.238
INFO: [Route 35-416] Intermediate Timing Summary | WNS=3.267  | TNS=0.000  | WHS=N/A    | THS=N/A    |

Phase 4.1 Global Iteration 0 | Checksum: 1ad0d3545

Time (s): cpu = 00:00:29 ; elapsed = 00:00:26 . Memory (MB): peak = 1177.832 ; gain = 136.238

Phase 4.2 Global Iteration 1
 Number of Nodes with overlaps = 0

Phase 4.2.1 Update Timing
Phase 4.2.1 Update Timing | Checksum: 1c685b3f4

Time (s): cpu = 00:00:29 ; elapsed = 00:00:26 . Memory (MB): peak = 1177.832 ; gain = 136.238
INFO: [Route 35-416] Intermediate Timing Summary | WNS=3.267  | TNS=0.000  | WHS=N/A    | THS=N/A    |

Phase 4.2 Global Iteration 1 | Checksum: 26f3f23c0

Time (s): cpu = 00:00:29 ; elapsed = 00:00:27 . Memory (MB): peak = 1177.832 ; gain = 136.238
Phase 4 Rip-up And Reroute | Checksum: 26f3f23c0

Time (s): cpu = 00:00:29 ; elapsed = 00:00:27 . Memory (MB): peak = 1177.832 ; gain = 136.238

Phase 5 Delay and Skew Optimization

Phase 5.1 Delay CleanUp

Phase 5.1.1 Update Timing
Phase 5.1.1 Update Timing | Checksum: 1c8fe032d

Time (s): cpu = 00:00:29 ; elapsed = 00:00:27 . Memory (MB): peak = 1177.832 ; gain = 136.238
INFO: [Route 35-416] Intermediate Timing Summary | WNS=3.398  | TNS=0.000  | WHS=N/A    | THS=N/A    |

Phase 5.1 Delay CleanUp | Checksum: 1c8fe032d

Time (s): cpu = 00:00:29 ; elapsed = 00:00:27 . Memory (MB): peak = 1177.832 ; gain = 136.238

Phase 5.2 Clock Skew Optimization
Phase 5.2 Clock Skew Optimization | Checksum: 1c8fe032d

Time (s): cpu = 00:00:29 ; elapsed = 00:00:27 . Memory (MB): peak = 1177.832 ; gain = 136.238
Phase 5 Delay and Skew Optimization | Checksum: 1c8fe032d

Time (s): cpu = 00:00:29 ; elapsed = 00:00:27 . Memory (MB): peak = 1177.832 ; gain = 136.238

Phase 6 Post Hold Fix

Phase 6.1 Hold Fix Iter

Phase 6.1.1 Update Timing
Phase 6.1.1 Update Timing | Checksum: 2428feafe

Time (s): cpu = 00:00:29 ; elapsed = 00:00:27 . Memory (MB): peak = 1177.832 ; gain = 136.238
INFO: [Route 35-416] Intermediate Timing Summary | WNS=3.398  | TNS=0.000  | WHS=0.048  | THS=0.000  |

Phase 6.1 Hold Fix Iter | Checksum: 1ffc2b4f6

Time (s): cpu = 00:00:29 ; elapsed = 00:00:27 . Memory (MB): peak = 1177.832 ; gain = 136.238
Phase 6 Post Hold Fix | Checksum: 1ffc2b4f6

Time (s): cpu = 00:00:29 ; elapsed = 00:00:27 . Memory (MB): peak = 1177.832 ; gain = 136.238

Phase 7 Route finalize

Router Utilization Summary
  Global Vertical Routing Utilization    = 0.300093 %
  Global Horizontal Routing Utilization  = 0.393425 %
  Routable Net Status*
  *Does not include unroutable nets such as driverless and loadless.
  Run report_route_status for detailed report.
  Number of Failed Nets               = 0
  Number of Unrouted Nets             = 0
  Number of Partially Routed Nets     = 0
  Number of Node Overlaps             = 0

Phase 7 Route finalize | Checksum: 1d0862d92

Time (s): cpu = 00:00:29 ; elapsed = 00:00:27 . Memory (MB): peak = 1177.832 ; gain = 136.238

Phase 8 Verifying routed nets

 Verification completed successfully
Phase 8 Verifying routed nets | Checksum: 1d0862d92

Time (s): cpu = 00:00:29 ; elapsed = 00:00:27 . Memory (MB): peak = 1177.832 ; gain = 136.238

Phase 9 Depositing Routes
Phase 9 Depositing Routes | Checksum: 1e72f0324

Time (s): cpu = 00:00:29 ; elapsed = 00:00:27 . Memory (MB): peak = 1177.832 ; gain = 136.238

Phase 10 Post Router Timing
INFO: [Route 35-57] Estimated Timing Summary | WNS=3.398  | TNS=0.000  | WHS=0.048  | THS=0.000  |

INFO: [Route 35-327] The final timing numbers are based on the router estimated timing analysis. For a complete and accurate timing signoff, please run report_timing_summary.
Phase 10 Post Router Timing | Checksum: 1e72f0324

Time (s): cpu = 00:00:29 ; elapsed = 00:00:27 . Memory (MB): peak = 1177.832 ; gain = 136.238
INFO: [Route 35-16] Router Completed Successfully

Time (s): cpu = 00:00:30 ; elapsed = 00:00:27 . Memory (MB): peak = 1177.832 ; gain = 136.238

Routing Is Done.
INFO: [Common 17-83] Releasing license: Implementation
68 Infos, 21 Warnings, 0 Critical Warnings and 0 Errors encountered.
route_design completed successfully
route_design: Time (s): cpu = 00:00:32 ; elapsed = 00:00:29 . Memory (MB): peak = 1177.832 ; gain = 136.238
Writing placer database...
Writing XDEF routing.
Writing XDEF routing logical nets.
Writing XDEF routing special nets.
Write XDEF Complete: Time (s): cpu = 00:00:00 ; elapsed = 00:00:00.353 . Memory (MB): peak = 1177.832 ; gain = 0.000
INFO: [Common 17-1381] The checkpoint 'C:/Users/Beyazit/vivadoprojects/LAB_7INTERRUPT/LAB_6INTERRUPT.runs/impl_1/system_wrapper_routed.dcp' has been generated.
INFO: [DRC 23-27] Running DRC with 2 threads
INFO: [Coretcl 2-168] The results of DRC are in file C:/Users/Beyazit/vivadoprojects/LAB_7INTERRUPT/LAB_6INTERRUPT.runs/impl_1/system_wrapper_drc_routed.rpt.
INFO: [Timing 38-35] Done setting XDC timing constraints.
INFO: [DRC 23-133] Running Methodology with 2 threads
INFO: [Coretcl 2-1520] The results of Report Methodology are in file C:/Users/Beyazit/vivadoprojects/LAB_7INTERRUPT/LAB_6INTERRUPT.runs/impl_1/system_wrapper_methodology_drc_routed.rpt.
INFO: [Timing 38-35] Done setting XDC timing constraints.
INFO: [Timing 38-91] UpdateTimingParams: Speed grade: -1, Delay Type: min_max.
INFO: [Timing 38-191] Multithreading enabled for timing update using a maximum of 2 CPUs
INFO: [Timing 38-35] Done setting XDC timing constraints.
Command: report_power -file system_wrapper_power_routed.rpt -pb system_wrapper_power_summary_routed.pb -rpx system_wrapper_power_routed.rpx
Running Vector-less Activity Propagation...

Finished Running Vector-less Activity Propagation
78 Infos, 21 Warnings, 0 Critical Warnings and 0 Errors encountered.
report_power completed successfully
Command: write_bitstream -force -no_partial_bitfile system_wrapper.bit
Attempting to get a license for feature 'Implementation' and/or device 'xc7z020'
INFO: [Common 17-349] Got license for feature 'Implementation' and/or device 'xc7z020'
Running DRC as a precondition to command write_bitstream
INFO: [DRC 23-27] Running DRC with 2 threads
INFO: [Vivado 12-3199] DRC finished with 0 Errors
INFO: [Vivado 12-3200] Please refer to the DRC report (report_drc) for more information.
Loading data files...
Loading site data...
Loading route data...
Processing options...
Creating bitmap...
Creating bitstream...
Writing bitstream ./system_wrapper.bit...
INFO: [Vivado 12-1842] Bitgen Completed Successfully.
INFO: [Project 1-120] WebTalk data collection is mandatory when using a WebPACK part without a full Vivado license. To see the specific WebTalk data collected for your design, open the usage_statistics_webtalk.html or usage_statistics_webtalk.xml file in the implementation directory.
INFO: [Common 17-83] Releasing license: Implementation
85 Infos, 21 Warnings, 0 Critical Warnings and 0 Errors encountered.
write_bitstream completed successfully
write_bitstream: Time (s): cpu = 00:00:17 ; elapsed = 00:00:19 . Memory (MB): peak = 1548.086 ; gain = 359.168
INFO: [Common 17-206] Exiting Vivado at Sun May 22 16:05:58 2022...
