#-----------------------------------------------------------
# Vivado v2017.4 (64-bit)
# SW Build 2086221 on Fri Dec 15 20:55:39 MST 2017
# IP Build 2085800 on Fri Dec 15 22:25:07 MST 2017
# Start of session at: Wed Mar 23 17:15:53 2022
# Process ID: 16556
# Current directory: C:/Users/Beyazit/vivadoprojects/labs/LAB4V1/multiplier_ip/ip_repo
# Command line: vivado.exe -gui_launcher_event rodinguilauncherevent21384 C:\Users\Beyazit\vivadoprojects\labs\LAB4V1\multiplier_ip\ip_repo\edit_multiplier_ip_v1_0.xpr
# Log file: C:/Users/Beyazit/vivadoprojects/labs/LAB4V1/multiplier_ip/ip_repo/vivado.log
# Journal file: C:/Users/Beyazit/vivadoprojects/labs/LAB4V1/multiplier_ip/ip_repo\vivado.jou
#-----------------------------------------------------------
start_gui
open_project C:/Users/Beyazit/vivadoprojects/labs/LAB4V1/multiplier_ip/ip_repo/edit_multiplier_ip_v1_0.xpr
Scanning sources...
Finished scanning sources
INFO: [IP_Flow 19-234] Refreshing IP repositories
INFO: [IP_Flow 19-1700] Loaded user IP repository 'c:/Users/Beyazit/vivadoprojects/labs/LAB4V1/multiplier_ip/ip_repo/multiplier_ip_1.0'.
INFO: [IP_Flow 19-2313] Loaded Vivado IP repository 'G:/Xlinx/Vivado/Vivado/2017.4/data/ip'.
update_compile_order -fileset sources_1
exit
INFO: [Common 17-206] Exiting Vivado at Wed Mar 23 17:31:21 2022...
