
*** Running vivado
    with args -log system_processing_system7_0_0.vds -m64 -product Vivado -mode batch -messageDb vivado.pb -notrace -source system_processing_system7_0_0.tcl


****** Vivado v2016.4 (64-bit)
  **** SW Build 1756540 on Mon Jan 23 19:11:23 MST 2017
  **** IP Build 1755317 on Mon Jan 23 20:30:07 MST 2017
    ** Copyright 1986-2016 Xilinx, Inc. All Rights Reserved.

source system_processing_system7_0_0.tcl -notrace
Starting RTL Elaboration : Time (s): cpu = 00:00:06 ; elapsed = 00:00:17 . Memory (MB): peak = 304.785 ; gain = 94.477
INFO: [Synth 8-638] synthesizing module 'system_processing_system7_0_0' [c:/Users/Beyazit/vivadoprojects/LAB_7INTERRUPT/LAB_6INTERRUPT.srcs/sources_1/bd/system/ip/system_processing_system7_0_0/synth/system_processing_system7_0_0.v:60]
INFO: [Synth 8-638] synthesizing module 'processing_system7_v5_5_processing_system7' [c:/Users/Beyazit/vivadoprojects/LAB_7INTERRUPT/LAB_6INTERRUPT.srcs/sources_1/bd/system/ip/system_processing_system7_0_0/hdl/verilog/processing_system7_v5_5_processing_system7.v:161]
INFO: [Synth 8-638] synthesizing module 'BUFG' [G:/Xlinx_2016/Vivado/2016.4/scripts/rt/data/unisim_comp.v:607]
INFO: [Synth 8-256] done synthesizing module 'BUFG' (1#1) [G:/Xlinx_2016/Vivado/2016.4/scripts/rt/data/unisim_comp.v:607]
INFO: [Synth 8-638] synthesizing module 'BIBUF' [G:/Xlinx_2016/Vivado/2016.4/scripts/rt/data/unisim_comp.v:268]
INFO: [Synth 8-256] done synthesizing module 'BIBUF' (2#1) [G:/Xlinx_2016/Vivado/2016.4/scripts/rt/data/unisim_comp.v:268]
INFO: [Synth 8-638] synthesizing module 'PS7' [G:/Xlinx_2016/Vivado/2016.4/scripts/rt/data/unisim_comp.v:33182]
INFO: [Synth 8-256] done synthesizing module 'PS7' (3#1) [G:/Xlinx_2016/Vivado/2016.4/scripts/rt/data/unisim_comp.v:33182]
INFO: [Synth 8-256] done synthesizing module 'processing_system7_v5_5_processing_system7' (4#1) [c:/Users/Beyazit/vivadoprojects/LAB_7INTERRUPT/LAB_6INTERRUPT.srcs/sources_1/bd/system/ip/system_processing_system7_0_0/hdl/verilog/processing_system7_v5_5_processing_system7.v:161]
INFO: [Synth 8-256] done synthesizing module 'system_processing_system7_0_0' (5#1) [c:/Users/Beyazit/vivadoprojects/LAB_7INTERRUPT/LAB_6INTERRUPT.srcs/sources_1/bd/system/ip/system_processing_system7_0_0/synth/system_processing_system7_0_0.v:60]
Finished RTL Elaboration : Time (s): cpu = 00:00:07 ; elapsed = 00:00:19 . Memory (MB): peak = 342.070 ; gain = 131.762
Finished RTL Optimization Phase 1 : Time (s): cpu = 00:00:07 ; elapsed = 00:00:19 . Memory (MB): peak = 342.070 ; gain = 131.762
INFO: [Device 21-403] Loading part xc7z020clg484-1
Constraint Validation Runtime : Time (s): cpu = 00:00:00 ; elapsed = 00:00:00.033 . Memory (MB): peak = 584.887 ; gain = 0.000
Finished Constraint Validation : Time (s): cpu = 00:00:16 ; elapsed = 00:00:51 . Memory (MB): peak = 584.887 ; gain = 374.578
Finished Loading Part and Timing Information : Time (s): cpu = 00:00:16 ; elapsed = 00:00:51 . Memory (MB): peak = 584.887 ; gain = 374.578
Finished applying 'set_property' XDC Constraints : Time (s): cpu = 00:00:16 ; elapsed = 00:00:52 . Memory (MB): peak = 584.887 ; gain = 374.578
Finished RTL Optimization Phase 2 : Time (s): cpu = 00:00:17 ; elapsed = 00:00:53 . Memory (MB): peak = 584.887 ; gain = 374.578
Finished Cross Boundary and Area Optimization : Time (s): cpu = 00:00:18 ; elapsed = 00:00:54 . Memory (MB): peak = 584.887 ; gain = 374.578
Finished Applying XDC Timing Constraints : Time (s): cpu = 00:00:26 ; elapsed = 00:01:06 . Memory (MB): peak = 784.902 ; gain = 574.594
Finished Timing Optimization : Time (s): cpu = 00:00:26 ; elapsed = 00:01:06 . Memory (MB): peak = 801.914 ; gain = 591.605
Finished Technology Mapping : Time (s): cpu = 00:00:27 ; elapsed = 00:01:07 . Memory (MB): peak = 806.719 ; gain = 596.410
Finished IO Insertion : Time (s): cpu = 00:00:28 ; elapsed = 00:01:08 . Memory (MB): peak = 806.719 ; gain = 596.410
Finished Renaming Generated Instances : Time (s): cpu = 00:00:28 ; elapsed = 00:01:08 . Memory (MB): peak = 806.719 ; gain = 596.410
Finished Rebuilding User Hierarchy : Time (s): cpu = 00:00:28 ; elapsed = 00:01:09 . Memory (MB): peak = 806.719 ; gain = 596.410
Finished Renaming Generated Ports : Time (s): cpu = 00:00:28 ; elapsed = 00:01:09 . Memory (MB): peak = 806.719 ; gain = 596.410
Finished Handling Custom Attributes : Time (s): cpu = 00:00:28 ; elapsed = 00:01:09 . Memory (MB): peak = 806.719 ; gain = 596.410
Finished Renaming Generated Nets : Time (s): cpu = 00:00:28 ; elapsed = 00:01:09 . Memory (MB): peak = 806.719 ; gain = 596.410

Report Cell Usage: 
+------+------+------+
|      |Cell  |Count |
+------+------+------+
|1     |BIBUF |   130|
|2     |BUFG  |     1|
|3     |LUT1  |   112|
|4     |PS7   |     1|
+------+------+------+
Finished Writing Synthesis Report : Time (s): cpu = 00:00:28 ; elapsed = 00:01:09 . Memory (MB): peak = 806.719 ; gain = 596.410
synth_design: Time (s): cpu = 00:00:27 ; elapsed = 00:01:00 . Memory (MB): peak = 828.703 ; gain = 603.414
