
*** Running vivado
    with args -log system_processing_system7_0_0.vds -m64 -product Vivado -mode batch -messageDb vivado.pb -notrace -source system_processing_system7_0_0.tcl


****** Vivado v2016.4 (64-bit)
  **** SW Build 1756540 on Mon Jan 23 19:11:23 MST 2017
  **** IP Build 1755317 on Mon Jan 23 20:30:07 MST 2017
    ** Copyright 1986-2016 Xilinx, Inc. All Rights Reserved.

source system_processing_system7_0_0.tcl -notrace
Starting RTL Elaboration : Time (s): cpu = 00:00:05 ; elapsed = 00:00:12 . Memory (MB): peak = 302.824 ; gain = 93.133
INFO: [Synth 8-638] synthesizing module 'system_processing_system7_0_0' [c:/Users/Beyazit/vivadoprojects/LAB_6INTERRUPT/LAB_6INTERRUPT.srcs/sources_1/bd/system/ip/system_processing_system7_0_0/synth/system_processing_system7_0_0.v:60]
INFO: [Synth 8-638] synthesizing module 'processing_system7_v5_5_processing_system7' [c:/Users/Beyazit/vivadoprojects/LAB_6INTERRUPT/LAB_6INTERRUPT.srcs/sources_1/bd/system/ip/system_processing_system7_0_0/hdl/verilog/processing_system7_v5_5_processing_system7.v:161]
INFO: [Synth 8-638] synthesizing module 'BUFG' [G:/Xlinx_2016/Vivado/2016.4/scripts/rt/data/unisim_comp.v:607]
INFO: [Synth 8-256] done synthesizing module 'BUFG' (1#1) [G:/Xlinx_2016/Vivado/2016.4/scripts/rt/data/unisim_comp.v:607]
INFO: [Synth 8-638] synthesizing module 'BIBUF' [G:/Xlinx_2016/Vivado/2016.4/scripts/rt/data/unisim_comp.v:268]
INFO: [Synth 8-256] done synthesizing module 'BIBUF' (2#1) [G:/Xlinx_2016/Vivado/2016.4/scripts/rt/data/unisim_comp.v:268]
INFO: [Synth 8-638] synthesizing module 'PS7' [G:/Xlinx_2016/Vivado/2016.4/scripts/rt/data/unisim_comp.v:33182]
INFO: [Synth 8-256] done synthesizing module 'PS7' (3#1) [G:/Xlinx_2016/Vivado/2016.4/scripts/rt/data/unisim_comp.v:33182]
INFO: [Synth 8-256] done synthesizing module 'processing_system7_v5_5_processing_system7' (4#1) [c:/Users/Beyazit/vivadoprojects/LAB_6INTERRUPT/LAB_6INTERRUPT.srcs/sources_1/bd/system/ip/system_processing_system7_0_0/hdl/verilog/processing_system7_v5_5_processing_system7.v:161]
INFO: [Synth 8-256] done synthesizing module 'system_processing_system7_0_0' (5#1) [c:/Users/Beyazit/vivadoprojects/LAB_6INTERRUPT/LAB_6INTERRUPT.srcs/sources_1/bd/system/ip/system_processing_system7_0_0/synth/system_processing_system7_0_0.v:60]
Finished RTL Elaboration : Time (s): cpu = 00:00:06 ; elapsed = 00:00:13 . Memory (MB): peak = 341.086 ; gain = 131.395
Finished RTL Optimization Phase 1 : Time (s): cpu = 00:00:06 ; elapsed = 00:00:13 . Memory (MB): peak = 341.086 ; gain = 131.395
INFO: [Device 21-403] Loading part xc7z020clg484-1
Constraint Validation Runtime : Time (s): cpu = 00:00:00 ; elapsed = 00:00:00.027 . Memory (MB): peak = 583.801 ; gain = 0.000
Finished Constraint Validation : Time (s): cpu = 00:00:13 ; elapsed = 00:00:47 . Memory (MB): peak = 583.801 ; gain = 374.109
Finished Loading Part and Timing Information : Time (s): cpu = 00:00:13 ; elapsed = 00:00:47 . Memory (MB): peak = 583.801 ; gain = 374.109
Finished applying 'set_property' XDC Constraints : Time (s): cpu = 00:00:14 ; elapsed = 00:00:47 . Memory (MB): peak = 583.801 ; gain = 374.109
Finished RTL Optimization Phase 2 : Time (s): cpu = 00:00:14 ; elapsed = 00:00:48 . Memory (MB): peak = 583.801 ; gain = 374.109
Finished Cross Boundary and Area Optimization : Time (s): cpu = 00:00:14 ; elapsed = 00:00:48 . Memory (MB): peak = 583.801 ; gain = 374.109
Finished Applying XDC Timing Constraints : Time (s): cpu = 00:00:22 ; elapsed = 00:00:57 . Memory (MB): peak = 784.086 ; gain = 574.395
Finished Timing Optimization : Time (s): cpu = 00:00:22 ; elapsed = 00:00:58 . Memory (MB): peak = 801.082 ; gain = 591.391
Finished Technology Mapping : Time (s): cpu = 00:00:23 ; elapsed = 00:00:58 . Memory (MB): peak = 805.625 ; gain = 595.934
Finished IO Insertion : Time (s): cpu = 00:00:24 ; elapsed = 00:00:59 . Memory (MB): peak = 805.625 ; gain = 595.934
Finished Renaming Generated Instances : Time (s): cpu = 00:00:24 ; elapsed = 00:00:59 . Memory (MB): peak = 805.625 ; gain = 595.934
Finished Rebuilding User Hierarchy : Time (s): cpu = 00:00:24 ; elapsed = 00:00:59 . Memory (MB): peak = 805.625 ; gain = 595.934
Finished Renaming Generated Ports : Time (s): cpu = 00:00:24 ; elapsed = 00:00:59 . Memory (MB): peak = 805.625 ; gain = 595.934
Finished Handling Custom Attributes : Time (s): cpu = 00:00:24 ; elapsed = 00:00:59 . Memory (MB): peak = 805.625 ; gain = 595.934
Finished Renaming Generated Nets : Time (s): cpu = 00:00:24 ; elapsed = 00:00:59 . Memory (MB): peak = 805.625 ; gain = 595.934

Report Cell Usage: 
+------+------+------+
|      |Cell  |Count |
+------+------+------+
|1     |BIBUF |   130|
|2     |BUFG  |     1|
|3     |LUT1  |   112|
|4     |PS7   |     1|
+------+------+------+
Finished Writing Synthesis Report : Time (s): cpu = 00:00:24 ; elapsed = 00:00:59 . Memory (MB): peak = 805.625 ; gain = 595.934
synth_design: Time (s): cpu = 00:00:24 ; elapsed = 00:00:55 . Memory (MB): peak = 827.727 ; gain = 603.516
