16:43:36 INFO  : Registering command handlers for SDK TCF services
16:43:38 INFO  : Launching XSCT server: xsct.bat -interactive C:\Users\Beyazit\vivadoprojects\labs\lab1_byzt\lab1_byzt.sdk\temp_xsdb_launch_script.tcl
16:43:43 INFO  : XSCT server has started successfully.
16:43:50 INFO  : Successfully done setting XSCT server connection channel  
16:43:50 INFO  : Successfully done setting SDK workspace  
16:43:50 INFO  : Processing command line option -hwspec C:/Users/Beyazit/vivadoprojects/labs/lab1_byzt/lab1_byzt.sdk/system_wrapper.hdf.
16:48:20 ERROR : Failed to call write_mss 
Reason: ERROR: [Common 17-176] Overwrite of existing file isn't enabled.  Please specify -force to overwrite file  [C:/Users/Beyazit/vivadoprojects/labs/lab1_byzt/lab1_byzt.sdk/mem_test_bsp/system.mss]

16:48:39 ERROR : Failed to call write_mss 
Reason: ERROR: [Common 17-176] Overwrite of existing file isn't enabled.  Please specify -force to overwrite file  [C:/Users/Beyazit/vivadoprojects/labs/lab1_byzt/lab1_byzt.sdk/mem_test_bsp/system.mss]

16:49:34 ERROR : (XSDB Server)ERROR: [Hsi 61-13] No current software db available.

16:49:34 ERROR : Failed to call write_mss 
Reason: ERROR: [Common 17-39] 'hsi::write_mss' failed due to earlier errors.

16:49:36 ERROR : The Hardware Project referenced by this BSP (mem_test_bsp) was not found in this workspace. As a result, this BSP will not build properly. To fix this error, please import the associated hardware project or recreate a new BSP targeting an existing hardware platform.
16:50:15 INFO  : Launching XSCT server: xsct.bat -interactive C:\Users\Beyazit\vivadoprojects\labs\lab1_byzt\lab1_byzt.sdk\temp_xsdb_launch_script.tcl
16:50:19 INFO  : XSCT server has started successfully.
16:50:19 INFO  : Successfully done setting XSCT server connection channel  
16:50:22 INFO  : Successfully done setting SDK workspace  
16:50:23 INFO  : Registering command handlers for SDK TCF services
16:50:25 INFO  : Processing command line option -hwspec C:/Users/Beyazit/vivadoprojects/labs/lab1_byzt/lab1_byzt.sdk/system_wrapper.hdf.
16:50:25 INFO  : Checking for hwspec changes in the project system_wrapper_hw_platform_0.
15:27:02 INFO  : Registering command handlers for SDK TCF services
15:27:04 INFO  : Launching XSCT server: xsct.bat -interactive C:\Users\Beyazit\vivadoprojects\labs\lab1_byzt\lab1_byzt.sdk\temp_xsdb_launch_script.tcl
15:27:08 INFO  : XSCT server has started successfully.
15:27:08 INFO  : Successfully done setting XSCT server connection channel  
15:27:17 INFO  : Successfully done setting SDK workspace  
15:27:17 INFO  : Processing command line option -hwspec C:/Users/Beyazit/vivadoprojects/labs/lab1_byzt/lab1_byzt.sdk/system_wrapper.hdf.
15:27:17 INFO  : Checking for hwspec changes in the project system_wrapper_hw_platform_0.
16:18:17 INFO  : Registering command handlers for SDK TCF services
16:18:18 INFO  : Launching XSCT server: xsct.bat -interactive C:\Users\Beyazit\vivadoprojects\labs\LAB-3V2\LAB-3V2.sdk\temp_xsdb_launch_script.tcl
16:18:24 INFO  : XSCT server has started successfully.
16:18:24 INFO  : Successfully done setting XSCT server connection channel  
16:18:36 INFO  : Successfully done setting SDK workspace  
16:18:36 INFO  : Processing command line option -hwspec C:/Users/Beyazit/vivadoprojects/labs/LAB-3V2/LAB-3V2.sdk/system_wrapper.hdf.
16:21:36 ERROR : The Hardware Project referenced by this BSP (standalone_bsp_0) was not found in this workspace. As a result, this BSP will not build properly. To fix this error, please import the associated hardware project or recreate a new BSP targeting an existing hardware platform.
