#-----------------------------------------------------------
# Vivado v2017.4 (64-bit)
# SW Build 2086221 on Fri Dec 15 20:55:39 MST 2017
# IP Build 2085800 on Fri Dec 15 22:25:07 MST 2017
# Start of session at: Wed Mar 23 17:08:40 2022
# Process ID: 8960
# Current directory: C:/Users/Beyazit/vivadoprojects/labs/LAB4V1
# Command line: vivado.exe -gui_launcher_event rodinguilauncherevent19956 C:\Users\Beyazit\vivadoprojects\labs\LAB4V1\LAB4V1.xpr
# Log file: C:/Users/Beyazit/vivadoprojects/labs/LAB4V1/vivado.log
# Journal file: C:/Users/Beyazit/vivadoprojects/labs/LAB4V1\vivado.jou
#-----------------------------------------------------------
start_gui
open_project C:/Users/Beyazit/vivadoprojects/labs/LAB4V1/LAB4V1.xpr
Scanning sources...
Finished scanning sources
INFO: [IP_Flow 19-234] Refreshing IP repositories
INFO: [IP_Flow 19-1700] Loaded user IP repository 'c:/Users/Beyazit/vivadoprojects/labs/LAB4V1/multiplier_ip'.
INFO: [IP_Flow 19-2313] Loaded Vivado IP repository 'G:/Xlinx/Vivado/Vivado/2017.4/data/ip'.
open_project: Time (s): cpu = 00:00:12 ; elapsed = 00:00:08 . Memory (MB): peak = 780.461 ; gain = 86.000
update_compile_order -fileset sources_1
open_bd_design {C:/Users/Beyazit/vivadoprojects/labs/LAB4V1/LAB4V1.srcs/sources_1/bd/system/system.bd}
Adding cell -- xilinx.com:ip:processing_system7:5.5 - processing_system7_0
Adding cell -- xilinx.com:ip:axi_gpio:2.0 - switches
Adding cell -- xilinx.com:ip:proc_sys_reset:5.0 - rst_ps7_0_100M
Adding cell -- xilinx.com:ip:axi_gpio:2.0 - buttons
Adding cell -- xilinx.com:user:multiplier_ip:1.0 - multiplier_ip
Adding cell -- xilinx.com:ip:axi_crossbar:2.1 - xbar
Adding cell -- xilinx.com:ip:axi_protocol_converter:2.1 - auto_pc
Successfully read diagram <system> from BD file <C:/Users/Beyazit/vivadoprojects/labs/LAB4V1/LAB4V1.srcs/sources_1/bd/system/system.bd>
open_bd_design: Time (s): cpu = 00:00:09 ; elapsed = 00:00:09 . Memory (MB): peak = 888.559 ; gain = 76.746
exit
INFO: [Common 17-206] Exiting Vivado at Wed Mar 23 17:31:23 2022...
