#-----------------------------------------------------------
# Vivado v2016.4 (64-bit)
# SW Build 1756540 on Mon Jan 23 19:11:23 MST 2017
# IP Build 1755317 on Mon Jan 23 20:30:07 MST 2017
# Start of session at: Sun May 22 15:32:29 2022
# Process ID: 19512
# Current directory: C:/Users/Beyazit/vivadoprojects/LAB_6INTERRUPT
# Command line: vivado.exe -gui_launcher_event rodinguilauncherevent12044 C:\Users\Beyazit\vivadoprojects\LAB_6INTERRUPT\LAB_6INTERRUPT.xpr
# Log file: C:/Users/Beyazit/vivadoprojects/LAB_6INTERRUPT/vivado.log
# Journal file: C:/Users/Beyazit/vivadoprojects/LAB_6INTERRUPT\vivado.jou
#-----------------------------------------------------------sstart_guiopen_project C:/Users/Beyazit/vivadoprojects/LAB_6INTERRUPT/LAB_6INTERRUPT.xpr
Scanning sources...
FFinished scanning sourcesIINFO: [IP_Flow 19-234] Refreshing IP repositories
INFO: [IP_Flow 19-1704] No user IP repositories specifiedINFO: [IP_Flow 19-2313] Loaded Vivado IP repository 'G:/Xlinx_2016/Vivado/2016.4/data/ip'.
open_project: Time (s): cpu = 00:00:10 ; elapsed = 00:00:15 . Memory (MB): peak = 785.926 ; gain = 164.070
close_project
create_project LAB_7_INT C:/Users/Beyazit/vivadoprojects/LAB_7_INT -part xc7z020clg484-1
INFO: [IP_Flow 19-234] Refreshing IP repositories
INFO: [IP_Flow 19-1704] No user IP repositories specified
INFO: [IP_Flow 19-2313] Loaded Vivado IP repository 'G:/Xlinx_2016/Vivado/2016.4/data/ip'.
set_property board_part em.avnet.com:zed:part0:1.3 [current_project]
set_property target_language VHDL [current_project]
create_bd_design "system"
Wrote  : <C:/Users/Beyazit/vivadoprojects/LAB_7_INT/LAB_7_INT.srcs/sources_1/bd/system/system.bd> 
create_bd_design: Time (s): cpu = 00:00:04 ; elapsed = 00:00:05 . Memory (MB): peak = 819.965 ; gain = 19.027
startgroup
create_bd_cell -type ip -vlnv xilinx.com:ip:processing_system7:5.5 processing_system7_0
create_bd_cell: Time (s): cpu = 00:00:02 ; elapsed = 00:00:06 . Memory (MB): peak = 870.625 ; gain = 23.793
endgroup
apply_bd_automation -rule xilinx.com:bd_rule:processing_system7 -config {make_external "FIXED_IO, DDR" apply_board_preset "1" Master "Disable" Slave "Disable" }  [get_bd_cells processing_system7_0]
exit
INFO: [Common 17-206] Exiting Vivado at Sun May 22 15:34:53 2022...
