#-----------------------------------------------------------
# Vivado v2017.4 (64-bit)
# SW Build 2086221 on Fri Dec 15 20:55:39 MST 2017
# IP Build 2085800 on Fri Dec 15 22:25:07 MST 2017
# Start of session at: Wed Mar 23 16:08:01 2022
# Process ID: 21044
# Current directory: C:/Users/Beyazit/vivadoprojects/labs/LAB4V1/multiplier_ip/managed_ip_project
# Command line: vivado.exe -gui_launcher_event rodinguilauncherevent9416 C:\Users\Beyazit\vivadoprojects\labs\LAB4V1\multiplier_ip\managed_ip_project\managed_ip_project.xpr
# Log file: C:/Users/Beyazit/vivadoprojects/labs/LAB4V1/multiplier_ip/managed_ip_project/vivado.log
# Journal file: C:/Users/Beyazit/vivadoprojects/labs/LAB4V1/multiplier_ip/managed_ip_project\vivado.jou
#-----------------------------------------------------------
start_gui
open_project C:/Users/Beyazit/vivadoprojects/labs/LAB4V1/multiplier_ip/managed_ip_project/managed_ip_project.xpr
Scanning sources...
Finished scanning sources
INFO: [IP_Flow 19-234] Refreshing IP repositories
INFO: [IP_Flow 19-1700] Loaded user IP repository 'c:/Users/Beyazit/vivadoprojects/labs/LAB4V1/multiplier_ip/ip_repo/multiplier_ip_1.0'.
INFO: [IP_Flow 19-2313] Loaded Vivado IP repository 'G:/Xlinx/Vivado/Vivado/2017.4/data/ip'.
exit
INFO: [Common 17-206] Exiting Vivado at Wed Mar 23 16:10:53 2022...
